2020-12-24 08:42:27.062 [main] INFO  com.simit.NBTestServerApplication - Starting NBTestServerApplication on DESKTOP-97M998T with PID 15056 (C:\Users\Haita\Desktop\GitHub\nb-encrypted-test-server\target\classes started by Haita in C:\Users\Haita\Desktop\GitHub\nb-encrypted-test-server)
2020-12-24 08:42:27.078 [main] INFO  com.simit.NBTestServerApplication - No active profile set, falling back to default profiles: default
2020-12-24 08:42:28.936 [main] INFO  com.simit.NBTestServerApplication - Started NBTestServerApplication in 2.86 seconds (JVM running for 9.383)
2020-12-24 08:42:29.046 [main] INFO  com.simit.netty.NettyServer - Server start listen at 8084
2020-12-24 08:45:48.855 [nioEventLoopGroup-2-1] INFO  com.simit.netty.encode.Decoder - count: 1
2020-12-24 08:45:48.856 [nioEventLoopGroup-2-1] INFO  com.simit.netty.encode.Decoder - received from client: 150303351990068000FFFFFF003D510865602040034917230301201205A0FFFFFFFF2E230000FFFFFF1B2408460367036800000000000000000000000000001600000000000000FFFFFFFF5614
2020-12-24 08:45:48.862 [nioEventLoopGroup-2-1] INFO  com.simit.netty.encode.Encoder - send to client: 150303351990068080FFFFFF00058F2E230000E114
2020-12-24 08:45:48.884 [nioEventLoopGroup-2-1] INFO  com.zaxxer.hikari.HikariDataSource - HikariPool-1 - Starting...
2020-12-24 08:45:49.472 [nioEventLoopGroup-2-1] INFO  com.zaxxer.hikari.HikariDataSource - HikariPool-1 - Start completed.
2020-12-24 08:45:49.571 [nioEventLoopGroup-2-1] INFO  com.simit.netty.ServerHandler - Not found batch record from t_batch_record!
2020-12-24 08:45:49.571 [nioEventLoopGroup-2-1] INFO  com.simit.netty.ServerHandler - 发送切换IP命令.
2020-12-24 08:45:49.635 [nioEventLoopGroup-2-1] INFO  com.simit.netty.encode.Encoder - send to client: 150303351990068000FFFFFF002F816E6272632E73686761732E636F6D2E636E00000000000000000000000000000017D52E230000FFFFFFFFFFFFFFFFB614
2020-12-24 08:45:50.744 [nioEventLoopGroup-2-1] INFO  com.simit.netty.encode.Decoder - count: 2
2020-12-24 08:45:50.745 [nioEventLoopGroup-2-1] INFO  com.simit.netty.encode.Decoder - received from client: 150303351990068080FFFFFF0037816E6272632E73686761732E636F6D2E636E00000000000000000000000000000017D5DA000000000000002E230000FFFFFFFFFFFFFFFF1814
2020-12-24 08:45:50.825 [nioEventLoopGroup-2-1] INFO  com.simit.netty.ServerHandler - Not found batch record from t_batch_record!
2020-12-24 08:45:50.826 [nioEventLoopGroup-2-1] INFO  com.simit.netty.ServerHandler - 切换IP命令结果: 成功
2020-12-24 08:48:17.262 [main] INFO  com.simit.NBTestServerApplication - Starting NBTestServerApplication on DESKTOP-97M998T with PID 4672 (C:\Users\Haita\Desktop\GitHub\nb-encrypted-test-server\target\classes started by Haita in C:\Users\Haita\Desktop\GitHub\nb-encrypted-test-server)
2020-12-24 08:48:17.268 [main] INFO  com.simit.NBTestServerApplication - No active profile set, falling back to default profiles: default
2020-12-24 08:48:18.927 [main] INFO  com.simit.NBTestServerApplication - Started NBTestServerApplication in 2.462 seconds (JVM running for 4.691)
2020-12-24 08:48:19.015 [main] INFO  com.simit.netty.NettyServer - Server start listen at 8084
2020-12-24 08:50:13.796 [nioEventLoopGroup-2-1] INFO  com.simit.netty.encode.Decoder - count: 1
2020-12-24 08:50:13.796 [nioEventLoopGroup-2-1] INFO  com.simit.netty.encode.Decoder - received from client: 150303351990068000FFFFFF003D510865602040034917230301201205A0FFFFFFFFE16C0000FFFFFF1B2408500367036600000000000000000000000000001618000000000000FFFFFFFF7214
2020-12-24 08:50:13.801 [nioEventLoopGroup-2-1] INFO  com.simit.netty.encode.Encoder - send to client: 150303351990068080FFFFFF00058FE16C0000DD14
2020-12-24 08:50:13.824 [nioEventLoopGroup-2-1] INFO  com.zaxxer.hikari.HikariDataSource - HikariPool-1 - Starting...
2020-12-24 08:50:14.353 [nioEventLoopGroup-2-1] INFO  com.zaxxer.hikari.HikariDataSource - HikariPool-1 - Start completed.
2020-12-24 08:50:14.447 [nioEventLoopGroup-2-1] INFO  c.s.data.JdbcBatchRecordRepository - org.springframework.dao.EmptyResultDataAccessException: Incorrect result size: expected 1, actual 0
2020-12-24 08:50:14.448 [nioEventLoopGroup-2-1] INFO  com.simit.netty.ServerHandler - Not found batch record from t_batch_record!
2020-12-24 08:50:14.448 [nioEventLoopGroup-2-1] INFO  com.simit.netty.ServerHandler - 发送切换IP命令.
2020-12-24 08:50:14.502 [nioEventLoopGroup-2-1] INFO  com.simit.netty.encode.Encoder - send to client: 150303351990068000FFFFFF002F816E6272632E73686761732E636F6D2E636E00000000000000000000000000000017D5E16C0000FFFFFFFFFFFFFFFFB214
2020-12-24 08:50:15.669 [nioEventLoopGroup-2-1] INFO  com.simit.netty.encode.Decoder - count: 2
2020-12-24 08:50:15.670 [nioEventLoopGroup-2-1] INFO  com.simit.netty.encode.Decoder - received from client: 150303351990068080FFFFFF0037816E6272632E73686761732E636F6D2E636E00000000000000000000000000000017D5DA00000000000000E16C0000FFFFFFFFFFFFFFFF1414
2020-12-24 08:50:15.738 [nioEventLoopGroup-2-1] INFO  c.s.data.JdbcBatchRecordRepository - org.springframework.dao.EmptyResultDataAccessException: Incorrect result size: expected 1, actual 0
2020-12-24 08:50:15.738 [nioEventLoopGroup-2-1] INFO  com.simit.netty.ServerHandler - Not found batch record from t_batch_record!
2020-12-24 08:50:15.738 [nioEventLoopGroup-2-1] INFO  com.simit.netty.ServerHandler - 切换IP命令结果: 成功
2020-12-24 08:57:05.900 [nioEventLoopGroup-2-1] INFO  com.simit.netty.encode.Decoder - count: 3
2020-12-24 08:57:05.901 [nioEventLoopGroup-2-1] INFO  com.simit.netty.encode.Decoder - received from client: 150303351990068000FFFFFF003D510865602040034917230301201205A0FFFFFFFF43790000FFFFFF1B2408570367036800000000000000000000000000001650000000000000FFFFFFFF2214
2020-12-24 08:57:05.903 [nioEventLoopGroup-2-1] INFO  com.simit.netty.encode.Encoder - send to client: 150303351990068080FFFFFF00058F437900004C14
2020-12-24 08:57:06.147 [nioEventLoopGroup-2-1] INFO  com.simit.netty.encode.Encoder - send to client: 150303351990068000FFFFFF00058243790000BF14
2020-12-24 08:57:06.559 [nioEventLoopGroup-2-1] INFO  com.simit.netty.encode.Decoder - count: 4
2020-12-24 08:57:06.559 [nioEventLoopGroup-2-1] INFO  com.simit.netty.encode.Decoder - received from client: 150303351990068080FFFFFF000582437900003F14
2020-12-24 08:57:06.769 [nioEventLoopGroup-2-1] INFO  com.simit.netty.encode.Encoder - send to client: 150303351990068000FFFFFF00135F2012240857060000FFFFFF090706000AFFFFC414
2020-12-24 08:58:52.141 [nioEventLoopGroup-2-1] INFO  com.simit.netty.encode.Decoder - count: 5
2020-12-24 08:58:52.142 [nioEventLoopGroup-2-1] INFO  com.simit.netty.encode.Decoder - received from client: 150303351990068000FFFFFF003D5108656020400349172303012012FFFFFFFFFFFF0E100000FFFFFF1B2408590369036900000000000000000000000000001656000000000000FFFFFFFFE814
2020-12-24 08:58:52.144 [nioEventLoopGroup-2-1] INFO  com.simit.netty.encode.Encoder - send to client: 150303351990068080FFFFFF00058F0E100000AE14
2020-12-24 08:58:52.272 [nioEventLoopGroup-2-1] INFO  com.simit.netty.encode.Encoder - send to client: 150303351990068000FFFFFF000A8801000000300E1000005D14
2020-12-24 08:58:52.752 [nioEventLoopGroup-2-1] INFO  com.simit.netty.encode.Decoder - count: 6
2020-12-24 08:58:52.752 [nioEventLoopGroup-2-1] INFO  com.simit.netty.encode.Decoder - received from client: 150303351990068080FFFFFF0005880E100000A714
2020-12-24 08:58:52.866 [nioEventLoopGroup-2-1] INFO  com.simit.netty.ServerHandler - =============================远程关阀=============================
2020-12-24 08:58:52.870 [nioEventLoopGroup-2-1] INFO  com.simit.netty.encode.Encoder - send to client: 150303351990068000FFFFFF000687AA0E100000D114
2020-12-24 08:58:59.818 [nioEventLoopGroup-2-1] INFO  com.simit.netty.encode.Decoder - count: 7
2020-12-24 08:58:59.818 [nioEventLoopGroup-2-1] INFO  com.simit.netty.encode.Decoder - received from client: 150303351990068080FFFFFF000687AA0E1000005114
2020-12-24 08:58:59.926 [nioEventLoopGroup-2-1] INFO  com.simit.netty.ServerHandler - =============================远程开阀=============================
2020-12-24 08:58:59.928 [nioEventLoopGroup-2-1] INFO  com.simit.netty.encode.Encoder - send to client: 150303351990068000FFFFFF000686550E1000007B14
2020-12-24 08:59:06.191 [nioEventLoopGroup-2-1] INFO  com.simit.netty.encode.Decoder - count: 8
2020-12-24 08:59:06.191 [nioEventLoopGroup-2-1] INFO  com.simit.netty.encode.Decoder - received from client: 150303351990068080FFFFFF000686AA0E1000005014
2020-12-24 08:59:52.275 [nioEventLoopGroup-2-1] INFO  com.simit.netty.encode.Decoder - count: 9
2020-12-24 08:59:52.276 [nioEventLoopGroup-2-1] INFO  com.simit.netty.encode.Decoder - received from client: 150303351990068000FFFFFF000E8401CA122409000000008B7C00001F14
2020-12-24 08:59:52.277 [nioEventLoopGroup-2-1] INFO  com.simit.netty.encode.Encoder - send to client: 150303351990068080FFFFFF0005848B7C00008C14
2020-12-24 08:59:52.343 [nioEventLoopGroup-2-1] INFO  com.simit.netty.ServerHandler - Not found batch record from t_batch_record!
2020-12-24 09:01:51.957 [main] INFO  com.simit.NBTestServerApplication - Starting NBTestServerApplication on DESKTOP-97M998T with PID 12196 (C:\Users\Haita\Desktop\GitHub\nb-encrypted-test-server\target\classes started by Haita in C:\Users\Haita\Desktop\GitHub\nb-encrypted-test-server)
2020-12-24 09:01:51.964 [main] INFO  com.simit.NBTestServerApplication - No active profile set, falling back to default profiles: default
2020-12-24 09:01:53.534 [main] INFO  com.simit.NBTestServerApplication - Started NBTestServerApplication in 2.298 seconds (JVM running for 4.652)
2020-12-24 09:01:53.649 [main] INFO  com.simit.netty.NettyServer - Server start listen at 8084
2020-12-24 09:04:48.490 [main] INFO  com.simit.NBTestServerApplication - Starting NBTestServerApplication on DESKTOP-97M998T with PID 18436 (C:\Users\Haita\Desktop\GitHub\nb-encrypted-test-server\target\classes started by Haita in C:\Users\Haita\Desktop\GitHub\nb-encrypted-test-server)
2020-12-24 09:04:48.498 [main] INFO  com.simit.NBTestServerApplication - No active profile set, falling back to default profiles: default
2020-12-24 09:10:23.997 [main] INFO  com.simit.NBTestServerApplication - Starting NBTestServerApplication on DESKTOP-97M998T with PID 12648 (C:\Users\Haita\Desktop\GitHub\nb-encrypted-test-server\target\classes started by Haita in C:\Users\Haita\Desktop\GitHub\nb-encrypted-test-server)
2020-12-24 09:10:24.014 [main] INFO  com.simit.NBTestServerApplication - No active profile set, falling back to default profiles: default
2020-12-24 09:11:32.722 [main] INFO  com.simit.NBTestServerApplication - Starting NBTestServerApplication on DESKTOP-97M998T with PID 11556 (C:\Users\Haita\Desktop\GitHub\nb-encrypted-test-server\target\classes started by Haita in C:\Users\Haita\Desktop\GitHub\nb-encrypted-test-server)
2020-12-24 09:11:32.730 [main] INFO  com.simit.NBTestServerApplication - No active profile set, falling back to default profiles: default
2020-12-24 09:11:34.222 [main] INFO  com.simit.NBTestServerApplication - Started NBTestServerApplication in 2.287 seconds (JVM running for 4.583)
2020-12-24 09:11:34.307 [main] INFO  com.simit.netty.NettyServer - Server start listen at 8084
2020-12-24 09:11:51.785 [nioEventLoopGroup-2-1] INFO  com.simit.netty.encode.Decoder - count: 1
2020-12-24 09:11:51.786 [nioEventLoopGroup-2-1] INFO  com.simit.netty.encode.Decoder - received from client: 150303351990068000FFFFFF005F5108656020400349172303022012FFFFFFFFFFFFF4270000FFFFFF1B2409090367036700000000000000000000000000001700000000000000FFFFFFFF1A2409120371036600000000000000000000000000001706000000000000FFFFFFFFAF14
2020-12-24 09:11:51.792 [nioEventLoopGroup-2-1] INFO  com.simit.netty.encode.Encoder - send to client: 150303351990068080FFFFFF00058FF4270000AB14
2020-12-24 09:11:51.822 [nioEventLoopGroup-2-1] INFO  com.zaxxer.hikari.HikariDataSource - HikariPool-1 - Starting...
2020-12-24 09:11:52.324 [nioEventLoopGroup-2-1] INFO  com.zaxxer.hikari.HikariDataSource - HikariPool-1 - Start completed.
2020-12-24 09:11:52.516 [nioEventLoopGroup-2-1] INFO  com.simit.netty.ServerHandler - ==========升级加密插件==========
2020-12-24 09:11:52.517 [nioEventLoopGroup-2-1] INFO  com.simit.netty.encode.Encoder - send to client: 150303351990068000FFFFFF000582F42700001E14
2020-12-24 09:11:52.728 [nioEventLoopGroup-2-1] INFO  com.simit.netty.encode.Decoder - count: 2
2020-12-24 09:11:52.729 [nioEventLoopGroup-2-1] INFO  com.simit.netty.encode.Decoder - received from client: 150303351990068080FFFFFF000582F42700009E14
2020-12-24 09:11:52.853 [nioEventLoopGroup-2-1] INFO  com.simit.netty.ServerHandler - ==========结束报文==========
2020-12-24 09:11:52.863 [nioEventLoopGroup-2-1] INFO  com.simit.netty.encode.Encoder - send to client: 150303351990068000FFFFFF00135F2012240911520000FFFFFF092152000AFFFF3114
2020-12-24 09:12:54.387 [nioEventLoopGroup-2-1] INFO  com.simit.netty.encode.Decoder - count: 3
2020-12-24 09:12:54.388 [nioEventLoopGroup-2-1] INFO  com.simit.netty.encode.Decoder - received from client: 150303351990068000FFFFFF003D5108656020400349172303012012FFFFFFFFFFFF23050000FFFFFF1A2409130368036800000000000000000000000000001712000000000000FFFFFFFF6714
2020-12-24 09:12:54.390 [nioEventLoopGroup-2-1] INFO  com.simit.netty.encode.Encoder - send to client: 150303351990068080FFFFFF00058F23050000B814
2020-12-24 09:12:54.491 [nioEventLoopGroup-2-1] INFO  com.simit.netty.ServerHandler - ==========远程关阀使能==========
2020-12-24 09:12:54.494 [nioEventLoopGroup-2-1] INFO  com.simit.netty.encode.Encoder - send to client: 150303351990068000FFFFFF000A880100000030230500006714
2020-12-24 09:12:54.996 [nioEventLoopGroup-2-1] INFO  com.simit.netty.encode.Decoder - count: 4
2020-12-24 09:12:54.996 [nioEventLoopGroup-2-1] INFO  com.simit.netty.encode.Decoder - received from client: 150303351990068080FFFFFF00058823050000B114
2020-12-24 09:12:55.091 [nioEventLoopGroup-2-1] INFO  com.simit.netty.ServerHandler - ==========远程关阀==========
2020-12-24 09:12:55.095 [nioEventLoopGroup-2-1] INFO  com.simit.netty.encode.Encoder - send to client: 150303351990068000FFFFFF000687AA23050000DB14
2020-12-24 09:13:02.006 [nioEventLoopGroup-2-1] INFO  com.simit.netty.encode.Decoder - count: 5
2020-12-24 09:13:02.006 [nioEventLoopGroup-2-1] INFO  com.simit.netty.encode.Decoder - received from client: 150303351990068080FFFFFF000687AA230500005B14
2020-12-24 09:13:02.107 [nioEventLoopGroup-2-1] INFO  com.simit.netty.ServerHandler - ==========远程开阀==========
2020-12-24 09:13:02.111 [nioEventLoopGroup-2-1] INFO  com.simit.netty.encode.Encoder - send to client: 150303351990068000FFFFFF00068655230500008514
2020-12-24 09:13:08.408 [nioEventLoopGroup-2-1] INFO  com.simit.netty.encode.Decoder - count: 6
2020-12-24 09:13:08.408 [nioEventLoopGroup-2-1] INFO  com.simit.netty.encode.Decoder - received from client: 150303351990068080FFFFFF000686AA230500005A14
2020-12-24 09:13:08.504 [nioEventLoopGroup-2-1] INFO  com.simit.netty.ServerHandler - ==========恢复出厂设置==========
2020-12-24 09:13:08.505 [nioEventLoopGroup-2-1] INFO  com.simit.netty.encode.Encoder - send to client: 150303351990068000FFFFFF00058E230500003714
2020-12-24 09:13:14.848 [nioEventLoopGroup-2-1] INFO  com.simit.netty.encode.Decoder - count: 7
2020-12-24 09:13:14.848 [nioEventLoopGroup-2-1] INFO  com.simit.netty.encode.Decoder - received from client: 150303351990068080FFFFFF00428E3132392E3231312E39322E3234330000000000000000000000000000000000001F94FFFF0921000A00008000000080FFFFFFFFFFFFFFFFFFFFFFFFFFFF230500008914
2020-12-24 09:13:14.947 [nioEventLoopGroup-2-1] INFO  com.simit.netty.ServerHandler - ==========修改网络参数==========
2020-12-24 09:13:14.996 [nioEventLoopGroup-2-1] INFO  com.simit.netty.encode.Encoder - send to client: 150303351990068000FFFFFF002F816E6272632E73686761732E636F6D2E636E00000000000000000000000000000017D523050000FFFFFFFFFFFFFFFF8D14
2020-12-24 09:13:16.101 [nioEventLoopGroup-2-1] INFO  com.simit.netty.encode.Decoder - count: 8
2020-12-24 09:13:16.102 [nioEventLoopGroup-2-1] INFO  com.simit.netty.encode.Decoder - received from client: 150303351990068080FFFFFF0037816E6272632E73686761732E636F6D2E636E00000000000000000000000000000017D5DA0000000000000023050000FFFFFFFFFFFFFFFFEF14
2020-12-24 09:13:16.275 [nioEventLoopGroup-2-1] INFO  com.simit.netty.ServerHandler - Not all commands pass, save results to failed table.
2020-12-24 09:13:16.686 [nioEventLoopGroup-2-1] WARN  i.n.channel.DefaultChannelPipeline - An exceptionCaught() event was fired, and it reached at the tail of the pipeline. It usually means the last handler in the pipeline did not handle the exception.
java.lang.NullPointerException: null
	at com.simit.netty.ServerHandler.updateResult(ServerHandler.java:238)
	at com.simit.netty.ServerHandler.channelRead(ServerHandler.java:193)
	at io.netty.channel.AbstractChannelHandlerContext.invokeChannelRead(AbstractChannelHandlerContext.java:374)
	at io.netty.channel.AbstractChannelHandlerContext.invokeChannelRead(AbstractChannelHandlerContext.java:360)
	at io.netty.channel.AbstractChannelHandlerContext.fireChannelRead(AbstractChannelHandlerContext.java:352)
	at io.netty.handler.codec.MessageToMessageDecoder.channelRead(MessageToMessageDecoder.java:102)
	at io.netty.channel.AbstractChannelHandlerContext.invokeChannelRead(AbstractChannelHandlerContext.java:374)
	at io.netty.channel.AbstractChannelHandlerContext.invokeChannelRead(AbstractChannelHandlerContext.java:360)
	at io.netty.channel.AbstractChannelHandlerContext.fireChannelRead(AbstractChannelHandlerContext.java:352)
	at io.netty.channel.DefaultChannelPipeline$HeadContext.channelRead(DefaultChannelPipeline.java:1422)
	at io.netty.channel.AbstractChannelHandlerContext.invokeChannelRead(AbstractChannelHandlerContext.java:374)
	at io.netty.channel.AbstractChannelHandlerContext.invokeChannelRead(AbstractChannelHandlerContext.java:360)
	at io.netty.channel.DefaultChannelPipeline.fireChannelRead(DefaultChannelPipeline.java:931)
	at io.netty.channel.nio.AbstractNioMessageChannel$NioMessageUnsafe.read(AbstractNioMessageChannel.java:93)
	at io.netty.channel.nio.NioEventLoop.processSelectedKey(NioEventLoop.java:700)
	at io.netty.channel.nio.NioEventLoop.processSelectedKeysOptimized(NioEventLoop.java:635)
	at io.netty.channel.nio.NioEventLoop.processSelectedKeys(NioEventLoop.java:552)
	at io.netty.channel.nio.NioEventLoop.run(NioEventLoop.java:514)
	at io.netty.util.concurrent.SingleThreadEventExecutor$6.run(SingleThreadEventExecutor.java:1044)
	at io.netty.util.internal.ThreadExecutorMap$2.run(ThreadExecutorMap.java:74)
	at io.netty.util.concurrent.FastThreadLocalRunnable.run(FastThreadLocalRunnable.java:30)
	at java.lang.Thread.run(Thread.java:748)
2020-12-24 09:19:04.548 [main] INFO  com.simit.NBTestServerApplication - Starting NBTestServerApplication on DESKTOP-97M998T with PID 11976 (C:\Users\Haita\Desktop\GitHub\nb-encrypted-test-server\target\classes started by Haita in C:\Users\Haita\Desktop\GitHub\nb-encrypted-test-server)
2020-12-24 09:19:04.554 [main] INFO  com.simit.NBTestServerApplication - No active profile set, falling back to default profiles: default
2020-12-24 09:19:06.280 [main] INFO  com.simit.NBTestServerApplication - Started NBTestServerApplication in 2.616 seconds (JVM running for 5.34)
2020-12-24 09:19:06.370 [main] INFO  com.simit.netty.NettyServer - Server start listen at 8084
2020-12-24 09:19:53.585 [main] INFO  com.simit.NBTestServerApplication - Starting NBTestServerApplication on DESKTOP-97M998T with PID 6644 (C:\Users\Haita\Desktop\GitHub\nb-encrypted-test-server\target\classes started by Haita in C:\Users\Haita\Desktop\GitHub\nb-encrypted-test-server)
2020-12-24 09:19:53.594 [main] INFO  com.simit.NBTestServerApplication - No active profile set, falling back to default profiles: default
2020-12-24 09:19:55.734 [main] INFO  com.simit.NBTestServerApplication - Started NBTestServerApplication in 3.253 seconds (JVM running for 6.429)
2020-12-24 09:19:55.891 [main] INFO  com.simit.netty.NettyServer - Server start listen at 8084
2020-12-24 09:21:57.735 [nioEventLoopGroup-2-1] INFO  com.simit.netty.encode.Decoder - count: 1
2020-12-24 09:21:57.735 [nioEventLoopGroup-2-1] INFO  com.simit.netty.encode.Decoder - received from client: 150303351990068000FFFFFF003D510865602040034917230301201205A0FFFFFFFFBB710000FFFFFF1A2409220368036800000000000000000000000000001737000000000000FFFFFFFF4614
2020-12-24 09:21:57.742 [nioEventLoopGroup-2-1] INFO  com.simit.netty.encode.Encoder - send to client: 150303351990068080FFFFFF00058FBB710000BC14
2020-12-24 09:21:57.770 [nioEventLoopGroup-2-1] INFO  com.zaxxer.hikari.HikariDataSource - HikariPool-1 - Starting...
2020-12-24 09:21:58.470 [nioEventLoopGroup-2-1] INFO  com.zaxxer.hikari.HikariDataSource - HikariPool-1 - Start completed.
2020-12-24 09:21:58.741 [nioEventLoopGroup-2-1] INFO  com.simit.netty.ServerHandler - ==========升级加密插件==========
2020-12-24 09:21:58.742 [nioEventLoopGroup-2-1] INFO  com.simit.netty.encode.Encoder - send to client: 150303351990068000FFFFFF000582BB7100002F14
2020-12-24 09:21:58.975 [nioEventLoopGroup-2-1] INFO  com.simit.netty.encode.Decoder - count: 2
2020-12-24 09:21:58.975 [nioEventLoopGroup-2-1] INFO  com.simit.netty.encode.Decoder - received from client: 150303351990068080FFFFFF000582BB710000AF14
2020-12-24 09:21:59.131 [nioEventLoopGroup-2-1] INFO  com.simit.netty.ServerHandler - ==========结束报文==========
2020-12-24 09:21:59.145 [nioEventLoopGroup-2-1] INFO  com.simit.netty.encode.Encoder - send to client: 150303351990068000FFFFFF00135F2012240921590000FFFFFF093159000AFFFF5F14
2020-12-24 09:23:38.835 [nioEventLoopGroup-2-1] INFO  com.simit.netty.encode.Decoder - count: 3
2020-12-24 09:23:38.835 [nioEventLoopGroup-2-1] INFO  com.simit.netty.encode.Decoder - received from client: 150303351990068000FFFFFF003D5108656020400349172303012012FFFFFFFFFFFFF26A0000FFFFFF1A2409240368036800000000000000000000000000001743000000000000FFFFFFFFDD14
2020-12-24 09:23:38.837 [nioEventLoopGroup-2-1] INFO  com.simit.netty.encode.Encoder - send to client: 150303351990068080FFFFFF00058FF26A0000EC14
2020-12-24 09:23:38.933 [nioEventLoopGroup-2-1] INFO  com.simit.netty.ServerHandler - ==========远程关阀使能==========
2020-12-24 09:23:38.938 [nioEventLoopGroup-2-1] INFO  com.simit.netty.encode.Encoder - send to client: 150303351990068000FFFFFF000A880100000030F26A00009B14
2020-12-24 09:23:39.448 [nioEventLoopGroup-2-1] INFO  com.simit.netty.encode.Decoder - count: 4
2020-12-24 09:23:39.449 [nioEventLoopGroup-2-1] INFO  com.simit.netty.encode.Decoder - received from client: 150303351990068080FFFFFF000588F26A0000E514
2020-12-24 09:23:39.555 [nioEventLoopGroup-2-1] INFO  com.simit.netty.ServerHandler - ==========远程关阀==========
2020-12-24 09:23:39.557 [nioEventLoopGroup-2-1] INFO  com.simit.netty.encode.Encoder - send to client: 150303351990068000FFFFFF000687AAF26A00000F14
2020-12-24 09:23:46.467 [nioEventLoopGroup-2-1] INFO  com.simit.netty.encode.Decoder - count: 5
2020-12-24 09:23:46.468 [nioEventLoopGroup-2-1] INFO  com.simit.netty.encode.Decoder - received from client: 150303351990068080FFFFFF000687AAF26A00008F14
2020-12-24 09:23:46.575 [nioEventLoopGroup-2-1] INFO  com.simit.netty.ServerHandler - ==========远程开阀==========
2020-12-24 09:23:46.579 [nioEventLoopGroup-2-1] INFO  com.simit.netty.encode.Encoder - send to client: 150303351990068000FFFFFF00068655F26A0000B914
2020-12-24 09:23:52.864 [nioEventLoopGroup-2-1] INFO  com.simit.netty.encode.Decoder - count: 6
2020-12-24 09:23:52.864 [nioEventLoopGroup-2-1] INFO  com.simit.netty.encode.Decoder - received from client: 150303351990068080FFFFFF000686AAF26A00008E14
2020-12-24 09:23:52.960 [nioEventLoopGroup-2-1] INFO  com.simit.netty.ServerHandler - ==========恢复出厂设置==========
2020-12-24 09:23:52.961 [nioEventLoopGroup-2-1] INFO  com.simit.netty.encode.Encoder - send to client: 150303351990068000FFFFFF00058EF26A00006B14
2020-12-24 09:23:59.310 [nioEventLoopGroup-2-1] INFO  com.simit.netty.encode.Decoder - count: 7
2020-12-24 09:23:59.310 [nioEventLoopGroup-2-1] INFO  com.simit.netty.encode.Decoder - received from client: 150303351990068080FFFFFF00428E3132392E3231312E39322E3234330000000000000000000000000000000000001F94FFFF0931000A00008000000080FFFFFFFFFFFFFFFFFFFFFFFFFFFFF26A0000CD14
2020-12-24 09:23:59.414 [nioEventLoopGroup-2-1] INFO  com.simit.netty.ServerHandler - ==========修改网络参数==========
2020-12-24 09:23:59.456 [nioEventLoopGroup-2-1] INFO  com.simit.netty.encode.Encoder - send to client: 150303351990068000FFFFFF002F816E6272632E73686761732E636F6D2E636E00000000000000000000000000000017D5F26A0000FFFFFFFFFFFFFFFFC114
2020-12-24 09:24:01.197 [nioEventLoopGroup-2-1] INFO  com.simit.netty.encode.Decoder - count: 8
2020-12-24 09:24:01.198 [nioEventLoopGroup-2-1] INFO  com.simit.netty.encode.Decoder - received from client: 150303351990068080FFFFFF0037816E6272632E73686761732E636F6D2E636E00000000000000000000000000000017D5DA00000000000000F26A0000FFFFFFFFFFFFFFFF2314
2020-12-24 09:26:41.627 [HikariPool-1 housekeeper] WARN  com.zaxxer.hikari.pool.HikariPool - HikariPool-1 - Thread starvation or clock leap detected (housekeeper delta=1m58s373ms512µs600ns).
2020-12-24 09:26:41.639 [nioEventLoopGroup-2-1] WARN  c.s.data.JdbcSamplingSumRepository - org.springframework.dao.EmptyResultDataAccessException: Incorrect result size: expected 1, actual 0
2020-12-24 09:26:41.639 [nioEventLoopGroup-2-1] INFO  com.simit.netty.ServerHandler - All commands pass, save results to successful table.
2020-12-24 09:26:41.820 [SpringContextShutdownHook] INFO  com.zaxxer.hikari.HikariDataSource - HikariPool-1 - Shutdown initiated...
2020-12-24 09:26:41.843 [SpringContextShutdownHook] INFO  com.zaxxer.hikari.HikariDataSource - HikariPool-1 - Shutdown completed.
2020-12-24 09:27:22.184 [main] INFO  com.simit.NBTestServerApplication - Starting NBTestServerApplication on DESKTOP-97M998T with PID 18940 (C:\Users\Haita\Desktop\GitHub\nb-encrypted-test-server\target\classes started by Haita in C:\Users\Haita\Desktop\GitHub\nb-encrypted-test-server)
2020-12-24 09:27:22.192 [main] INFO  com.simit.NBTestServerApplication - No active profile set, falling back to default profiles: default
2020-12-24 09:27:23.816 [main] INFO  com.simit.NBTestServerApplication - Started NBTestServerApplication in 2.55 seconds (JVM running for 5.474)
2020-12-24 09:27:23.934 [main] INFO  com.simit.netty.NettyServer - Server start listen at 8084
2020-12-24 09:28:41.044 [nioEventLoopGroup-2-1] INFO  com.simit.netty.encode.Decoder - count: 1
2020-12-24 09:28:41.045 [nioEventLoopGroup-2-1] INFO  com.simit.netty.encode.Decoder - received from client: 150303351990068000FFFFFF003D510865602040034917230301201205A0FFFFFFFF48430000FFFFFF1A2409290366036600000000000000000000000000001762000000000000FFFFFFFFD314
2020-12-24 09:28:41.052 [nioEventLoopGroup-2-1] INFO  com.simit.netty.encode.Encoder - send to client: 150303351990068080FFFFFF00058F484300001B14
2020-12-24 09:28:41.084 [nioEventLoopGroup-2-1] INFO  com.zaxxer.hikari.HikariDataSource - HikariPool-1 - Starting...
2020-12-24 09:28:41.654 [nioEventLoopGroup-2-1] INFO  com.zaxxer.hikari.HikariDataSource - HikariPool-1 - Start completed.
2020-12-24 09:28:41.915 [nioEventLoopGroup-2-1] INFO  com.simit.netty.ServerHandler - ==========升级加密插件==========
2020-12-24 09:28:41.916 [nioEventLoopGroup-2-1] INFO  com.simit.netty.encode.Encoder - send to client: 150303351990068000FFFFFF000582484300008E14
2020-12-24 09:28:42.073 [nioEventLoopGroup-2-1] INFO  com.simit.netty.encode.Decoder - count: 2
2020-12-24 09:28:42.073 [nioEventLoopGroup-2-1] INFO  com.simit.netty.encode.Decoder - received from client: 150303351990068080FFFFFF000582484300000E14
2020-12-24 09:28:42.237 [nioEventLoopGroup-2-1] INFO  com.simit.netty.ServerHandler - ==========结束报文==========
2020-12-24 09:28:42.251 [nioEventLoopGroup-2-1] INFO  com.simit.netty.encode.Encoder - send to client: 150303351990068000FFFFFF00135F2012240928420000FFFFFF093842000AFFFF3F14
2020-12-24 09:30:38.662 [nioEventLoopGroup-2-1] INFO  com.simit.netty.encode.Decoder - count: 3
2020-12-24 09:30:38.662 [nioEventLoopGroup-2-1] INFO  com.simit.netty.encode.Decoder - received from client: 150303351990068000FFFFFF003D5108656020400349172303012012FFFFFFFFFFFF6B4D0000FFFFFF1A2409310366036500000000000000000000000000001768000000000000FFFFFFFF6614
2020-12-24 09:30:38.665 [nioEventLoopGroup-2-1] INFO  com.simit.netty.encode.Encoder - send to client: 150303351990068080FFFFFF00058F6B4D00004814
2020-12-24 09:30:38.767 [nioEventLoopGroup-2-1] INFO  com.simit.netty.ServerHandler - ==========远程关阀使能==========
2020-12-24 09:30:38.771 [nioEventLoopGroup-2-1] INFO  com.simit.netty.encode.Encoder - send to client: 150303351990068000FFFFFF000A8801000000306B4D0000F714
2020-12-24 09:30:39.278 [nioEventLoopGroup-2-1] INFO  com.simit.netty.encode.Decoder - count: 4
2020-12-24 09:30:39.279 [nioEventLoopGroup-2-1] INFO  com.simit.netty.encode.Decoder - received from client: 150303351990068080FFFFFF0005886B4D00004114
2020-12-24 09:30:39.379 [nioEventLoopGroup-2-1] INFO  com.simit.netty.ServerHandler - ==========远程关阀==========
2020-12-24 09:30:39.383 [nioEventLoopGroup-2-1] INFO  com.simit.netty.encode.Encoder - send to client: 150303351990068000FFFFFF000687AA6B4D00006B14
2020-12-24 09:30:46.294 [nioEventLoopGroup-2-1] INFO  com.simit.netty.encode.Decoder - count: 5
2020-12-24 09:30:46.295 [nioEventLoopGroup-2-1] INFO  com.simit.netty.encode.Decoder - received from client: 150303351990068080FFFFFF000687AA6B4D0000EB14
2020-12-24 09:30:46.404 [nioEventLoopGroup-2-1] INFO  com.simit.netty.ServerHandler - ==========远程开阀==========
2020-12-24 09:30:46.410 [nioEventLoopGroup-2-1] INFO  com.simit.netty.encode.Encoder - send to client: 150303351990068000FFFFFF000686556B4D00001514
2020-12-24 09:30:52.694 [nioEventLoopGroup-2-1] INFO  com.simit.netty.encode.Decoder - count: 6
2020-12-24 09:30:52.695 [nioEventLoopGroup-2-1] INFO  com.simit.netty.encode.Decoder - received from client: 150303351990068080FFFFFF000686AA6B4D0000EA14
2020-12-24 09:30:52.792 [nioEventLoopGroup-2-1] INFO  com.simit.netty.ServerHandler - ==========恢复出厂设置==========
2020-12-24 09:30:52.793 [nioEventLoopGroup-2-1] INFO  com.simit.netty.encode.Encoder - send to client: 150303351990068000FFFFFF00058E6B4D0000C714
2020-12-24 09:30:59.140 [nioEventLoopGroup-2-1] INFO  com.simit.netty.encode.Decoder - count: 7
2020-12-24 09:30:59.140 [nioEventLoopGroup-2-1] INFO  com.simit.netty.encode.Decoder - received from client: 150303351990068080FFFFFF00428E3132392E3231312E39322E3234330000000000000000000000000000000000001F94FFFF0938000A00008000000080FFFFFFFFFFFFFFFFFFFFFFFFFFFF6B4D00003014
2020-12-24 09:30:59.240 [nioEventLoopGroup-2-1] INFO  com.simit.netty.ServerHandler - ==========修改网络参数==========
2020-12-24 09:30:59.287 [nioEventLoopGroup-2-1] INFO  com.simit.netty.encode.Encoder - send to client: 150303351990068000FFFFFF002F816E6272632E73686761732E636F6D2E636E00000000000000000000000000000017D56B4D0000FFFFFFFFFFFFFFFF1D14
2020-12-24 09:31:00.389 [nioEventLoopGroup-2-1] INFO  com.simit.netty.encode.Decoder - count: 8
2020-12-24 09:31:00.390 [nioEventLoopGroup-2-1] INFO  com.simit.netty.encode.Decoder - received from client: 150303351990068080FFFFFF0037816E6272632E73686761732E636F6D2E636E00000000000000000000000000000017D5DA000000000000006B4D0000FFFFFFFFFFFFFFFF7F14
2020-12-24 09:31:15.196 [nioEventLoopGroup-2-1] INFO  com.simit.netty.ServerHandler - Not all commands pass, save results to failed table.
2020-12-24 09:32:50.994 [HikariPool-1 housekeeper] WARN  com.zaxxer.hikari.pool.HikariPool - HikariPool-1 - Thread starvation or clock leap detected (housekeeper delta=1m35s797ms392µs900ns).
2020-12-24 09:32:51.052 [SpringContextShutdownHook] INFO  com.zaxxer.hikari.HikariDataSource - HikariPool-1 - Shutdown initiated...
2020-12-24 09:32:51.069 [SpringContextShutdownHook] INFO  com.zaxxer.hikari.HikariDataSource - HikariPool-1 - Shutdown completed.
2020-12-24 09:32:58.678 [main] INFO  com.simit.NBTestServerApplication - Starting NBTestServerApplication on DESKTOP-97M998T with PID 6064 (C:\Users\Haita\Desktop\GitHub\nb-encrypted-test-server\target\classes started by Haita in C:\Users\Haita\Desktop\GitHub\nb-encrypted-test-server)
2020-12-24 09:32:58.686 [main] INFO  com.simit.NBTestServerApplication - No active profile set, falling back to default profiles: default
2020-12-24 09:33:01.015 [main] INFO  com.simit.NBTestServerApplication - Started NBTestServerApplication in 3.503 seconds (JVM running for 8.049)
2020-12-24 09:33:01.128 [main] INFO  com.simit.netty.NettyServer - Server start listen at 8084
2020-12-24 09:34:15.011 [nioEventLoopGroup-2-1] INFO  com.simit.netty.encode.Decoder - count: 1
2020-12-24 09:34:15.011 [nioEventLoopGroup-2-1] INFO  com.simit.netty.encode.Decoder - received from client: 150303351990068000FFFFFF003D510865602040034917230301201205A0FFFFFFFFEE240000FFFFFF1C2409340366036700000000000000000000000000001781000000000000FFFFFFFF8714
2020-12-24 09:34:15.017 [nioEventLoopGroup-2-1] INFO  com.simit.netty.encode.Encoder - send to client: 150303351990068080FFFFFF00058FEE240000A214
2020-12-24 09:34:15.049 [nioEventLoopGroup-2-1] INFO  com.zaxxer.hikari.HikariDataSource - HikariPool-1 - Starting...
2020-12-24 09:34:15.718 [nioEventLoopGroup-2-1] INFO  com.zaxxer.hikari.HikariDataSource - HikariPool-1 - Start completed.
2020-12-24 09:34:15.958 [nioEventLoopGroup-2-1] INFO  com.simit.netty.ServerHandler - ==========升级加密插件==========
2020-12-24 09:34:15.959 [nioEventLoopGroup-2-1] INFO  com.simit.netty.encode.Encoder - send to client: 150303351990068000FFFFFF000582EE2400001514
2020-12-24 09:34:16.220 [nioEventLoopGroup-2-1] INFO  com.simit.netty.encode.Decoder - count: 2
2020-12-24 09:34:16.221 [nioEventLoopGroup-2-1] INFO  com.simit.netty.encode.Decoder - received from client: 150303351990068080FFFFFF000582EE2400009514
2020-12-24 09:34:16.367 [nioEventLoopGroup-2-1] INFO  com.simit.netty.ServerHandler - ==========结束报文==========
2020-12-24 09:34:16.387 [nioEventLoopGroup-2-1] INFO  com.simit.netty.encode.Encoder - send to client: 150303351990068000FFFFFF00135F2012240934160000FFFFFF094416000AFFFFFF14
2020-12-24 09:44:21.822 [nioEventLoopGroup-2-1] INFO  com.simit.netty.encode.Decoder - count: 3
2020-12-24 09:44:21.822 [nioEventLoopGroup-2-1] INFO  com.simit.netty.encode.Decoder - received from client: 150303351990068000FFFFFF003D5108656020400349172303012012FFFFFFFFFFFF51390000FFFFFF1B2409440368036700000000000000000000000000001806000000000000FFFFFFFFEF14
2020-12-24 09:44:21.825 [nioEventLoopGroup-2-1] INFO  com.simit.netty.encode.Encoder - send to client: 150303351990068080FFFFFF00058F513900001A14
2020-12-24 09:44:21.926 [nioEventLoopGroup-2-1] INFO  com.simit.netty.ServerHandler - ==========远程关阀使能==========
2020-12-24 09:44:21.931 [nioEventLoopGroup-2-1] INFO  com.simit.netty.encode.Encoder - send to client: 150303351990068000FFFFFF000A88010000003051390000C914
2020-12-24 09:44:22.435 [nioEventLoopGroup-2-1] INFO  com.simit.netty.encode.Decoder - count: 4
2020-12-24 09:44:22.436 [nioEventLoopGroup-2-1] INFO  com.simit.netty.encode.Decoder - received from client: 150303351990068080FFFFFF000588513900001314
2020-12-24 09:44:22.531 [nioEventLoopGroup-2-1] INFO  com.simit.netty.ServerHandler - ==========远程关阀==========
2020-12-24 09:44:22.535 [nioEventLoopGroup-2-1] INFO  com.simit.netty.encode.Encoder - send to client: 150303351990068000FFFFFF000687AA513900003D14
2020-12-24 09:44:29.521 [nioEventLoopGroup-2-1] INFO  com.simit.netty.encode.Decoder - count: 5
2020-12-24 09:44:29.522 [nioEventLoopGroup-2-1] INFO  com.simit.netty.encode.Decoder - received from client: 150303351990068080FFFFFF000687AA51390000BD14
2020-12-24 09:44:29.619 [nioEventLoopGroup-2-1] INFO  com.simit.netty.ServerHandler - ==========远程开阀==========
2020-12-24 09:44:29.621 [nioEventLoopGroup-2-1] INFO  com.simit.netty.encode.Encoder - send to client: 150303351990068000FFFFFF0006865551390000E714
2020-12-24 09:44:35.919 [nioEventLoopGroup-2-1] INFO  com.simit.netty.encode.Decoder - count: 6
2020-12-24 09:44:35.919 [nioEventLoopGroup-2-1] INFO  com.simit.netty.encode.Decoder - received from client: 150303351990068080FFFFFF000686AA51390000BC14
2020-12-24 09:44:36.018 [nioEventLoopGroup-2-1] INFO  com.simit.netty.ServerHandler - ==========恢复出厂设置==========
2020-12-24 09:44:36.018 [nioEventLoopGroup-2-1] INFO  com.simit.netty.encode.Encoder - send to client: 150303351990068000FFFFFF00058E513900009914
2020-12-24 09:44:42.294 [nioEventLoopGroup-2-1] INFO  com.simit.netty.encode.Decoder - count: 7
2020-12-24 09:44:42.295 [nioEventLoopGroup-2-1] INFO  com.simit.netty.encode.Decoder - received from client: 150303351990068080FFFFFF00428E3132392E3231312E39322E3234330000000000000000000000000000000000001F94FFFF0944000A00008000000080FFFFFFFFFFFFFFFFFFFFFFFFFFFF513900000E14
2020-12-24 09:44:42.392 [nioEventLoopGroup-2-1] INFO  com.simit.netty.ServerHandler - ==========修改网络参数==========
2020-12-24 09:44:42.441 [nioEventLoopGroup-2-1] INFO  com.simit.netty.encode.Encoder - send to client: 150303351990068000FFFFFF002F816E6272632E73686761732E636F6D2E636E00000000000000000000000000000017D551390000FFFFFFFFFFFFFFFFEF14
2020-12-24 09:44:43.571 [nioEventLoopGroup-2-1] INFO  com.simit.netty.encode.Decoder - count: 8
2020-12-24 09:44:43.572 [nioEventLoopGroup-2-1] INFO  com.simit.netty.encode.Decoder - received from client: 150303351990068080FFFFFF0037816E6272632E73686761732E636F6D2E636E00000000000000000000000000000017D5DA0000000000000051390000FFFFFFFFFFFFFFFF5114
2020-12-24 09:55:14.530 [HikariPool-1 housekeeper] WARN  com.zaxxer.hikari.pool.HikariPool - HikariPool-1 - Thread starvation or clock leap detected (housekeeper delta=10m57s87ms915µs400ns).
2020-12-24 09:55:16.292 [nioEventLoopGroup-2-1] INFO  com.simit.netty.ServerHandler - All commands pass, save results to successful table.
2020-12-24 09:57:05.604 [HikariPool-1 housekeeper] WARN  com.zaxxer.hikari.pool.HikariPool - HikariPool-1 - Thread starvation or clock leap detected (housekeeper delta=1m51s76ms551µs100ns).
2020-12-24 09:57:05.691 [SpringContextShutdownHook] INFO  com.zaxxer.hikari.HikariDataSource - HikariPool-1 - Shutdown initiated...
2020-12-24 09:57:05.724 [SpringContextShutdownHook] INFO  com.zaxxer.hikari.HikariDataSource - HikariPool-1 - Shutdown completed.
2020-12-24 09:57:36.155 [main] INFO  com.simit.NBTestServerApplication - Starting NBTestServerApplication on DESKTOP-97M998T with PID 1972 (C:\Users\Haita\Desktop\GitHub\nb-encrypted-test-server\target\classes started by Haita in C:\Users\Haita\Desktop\GitHub\nb-encrypted-test-server)
2020-12-24 09:57:36.165 [main] INFO  com.simit.NBTestServerApplication - No active profile set, falling back to default profiles: default
2020-12-24 09:57:37.749 [main] INFO  com.simit.NBTestServerApplication - Started NBTestServerApplication in 2.333 seconds (JVM running for 4.825)
2020-12-24 09:57:37.833 [main] INFO  com.simit.netty.NettyServer - Server start listen at 8084
2020-12-24 09:58:40.195 [nioEventLoopGroup-2-1] INFO  com.simit.netty.encode.Decoder - count: 1
2020-12-24 09:58:40.195 [nioEventLoopGroup-2-1] INFO  com.simit.netty.encode.Decoder - received from client: 150303351990068000FFFFFF003D510865602040034917230301201205A0FFFFFFFF0C230000FFFFFF1C2409590367036700000000000000000000000000001837000000000000FFFFFFFF8114
2020-12-24 09:58:40.199 [nioEventLoopGroup-2-1] INFO  com.simit.netty.encode.Encoder - send to client: 150303351990068080FFFFFF00058F0C230000BF14
2020-12-24 09:58:40.221 [nioEventLoopGroup-2-1] INFO  com.zaxxer.hikari.HikariDataSource - HikariPool-1 - Starting...
2020-12-24 09:58:41.079 [nioEventLoopGroup-2-1] INFO  com.zaxxer.hikari.HikariDataSource - HikariPool-1 - Start completed.
2020-12-24 09:58:41.304 [nioEventLoopGroup-2-1] INFO  com.simit.netty.ServerHandler - ==========升级加密插件==========
2020-12-24 09:58:41.305 [nioEventLoopGroup-2-1] INFO  com.simit.netty.encode.Encoder - send to client: 150303351990068000FFFFFF0005820C2300003214
2020-12-24 09:58:41.447 [nioEventLoopGroup-2-1] INFO  com.simit.netty.encode.Decoder - count: 2
2020-12-24 09:58:41.448 [nioEventLoopGroup-2-1] INFO  com.simit.netty.encode.Decoder - received from client: 150303351990068080FFFFFF0005820C230000B214
2020-12-24 09:58:41.592 [nioEventLoopGroup-2-1] INFO  com.simit.netty.ServerHandler - ==========结束报文==========
2020-12-24 09:58:41.602 [nioEventLoopGroup-2-1] INFO  com.simit.netty.encode.Encoder - send to client: 150303351990068000FFFFFF00135F2012240958410000FFFFFF100841000AFFFF4414
2020-12-24 10:06:22.178 [nioEventLoopGroup-2-1] INFO  com.simit.netty.encode.Decoder - count: 3
2020-12-24 10:06:22.179 [nioEventLoopGroup-2-1] INFO  com.simit.netty.encode.Decoder - received from client: 150303351990068000FFFFFF003D5108656020400349172303012012FFFFFFFFFFFF9A580000FFFFFF1C2410060368036500000000000000000000000000001850000000000000FFFFFFFF6914
2020-12-24 10:06:22.181 [nioEventLoopGroup-2-1] INFO  com.simit.netty.encode.Encoder - send to client: 150303351990068080FFFFFF00058F9A5800008214
2020-12-24 10:06:22.307 [nioEventLoopGroup-2-1] INFO  com.simit.netty.ServerHandler - ==========远程关阀使能==========
2020-12-24 10:06:22.311 [nioEventLoopGroup-2-1] INFO  com.simit.netty.encode.Encoder - send to client: 150303351990068000FFFFFF000A8801000000309A5800003114
2020-12-24 10:06:22.708 [nioEventLoopGroup-2-1] INFO  com.simit.netty.encode.Decoder - count: 4
2020-12-24 10:06:22.709 [nioEventLoopGroup-2-1] INFO  com.simit.netty.encode.Decoder - received from client: 150303351990068080FFFFFF0005889A5800007B14
2020-12-24 10:06:22.789 [nioEventLoopGroup-2-1] INFO  com.simit.netty.ServerHandler - ==========远程关阀==========
2020-12-24 10:06:22.793 [nioEventLoopGroup-2-1] INFO  com.simit.netty.encode.Encoder - send to client: 150303351990068000FFFFFF000687AA9A580000A514
2020-12-24 10:06:29.750 [nioEventLoopGroup-2-1] INFO  com.simit.netty.encode.Decoder - count: 5
2020-12-24 10:06:29.750 [nioEventLoopGroup-2-1] INFO  com.simit.netty.encode.Decoder - received from client: 150303351990068080FFFFFF000687AA9A5800002514
2020-12-24 10:06:29.885 [nioEventLoopGroup-2-1] INFO  com.simit.netty.ServerHandler - ==========远程开阀==========
2020-12-24 10:06:29.889 [nioEventLoopGroup-2-1] INFO  com.simit.netty.encode.Encoder - send to client: 150303351990068000FFFFFF000686559A5800004F14
2020-12-24 10:06:36.173 [nioEventLoopGroup-2-1] INFO  com.simit.netty.encode.Decoder - count: 6
2020-12-24 10:06:36.174 [nioEventLoopGroup-2-1] INFO  com.simit.netty.encode.Decoder - received from client: 150303351990068080FFFFFF000686AA9A5800002414
2020-12-24 10:06:36.293 [nioEventLoopGroup-2-1] INFO  com.simit.netty.ServerHandler - ==========恢复出厂设置==========
2020-12-24 10:06:36.294 [nioEventLoopGroup-2-1] INFO  com.simit.netty.encode.Encoder - send to client: 150303351990068000FFFFFF00058E9A5800000114
2020-12-24 10:06:42.666 [nioEventLoopGroup-2-1] INFO  com.simit.netty.encode.Decoder - count: 7
2020-12-24 10:06:42.666 [nioEventLoopGroup-2-1] INFO  com.simit.netty.encode.Decoder - received from client: 150303351990068080FFFFFF00428E3132392E3231312E39322E3234330000000000000000000000000000000000001F94FFFF1008000A00008000000080FFFFFFFFFFFFFFFFFFFFFFFFFFFF9A5800004114
2020-12-24 10:06:42.791 [nioEventLoopGroup-2-1] INFO  com.simit.netty.ServerHandler - ==========修改网络参数==========
2020-12-24 10:06:42.852 [nioEventLoopGroup-2-1] INFO  com.simit.netty.encode.Encoder - send to client: 150303351990068000FFFFFF002F816E6272632E73686761732E636F6D2E636E00000000000000000000000000000017D59A580000FFFFFFFFFFFFFFFF5714
2020-12-24 10:06:43.848 [nioEventLoopGroup-2-1] INFO  com.simit.netty.encode.Decoder - count: 8
2020-12-24 10:06:43.849 [nioEventLoopGroup-2-1] INFO  com.simit.netty.encode.Decoder - received from client: 150303351990068080FFFFFF0037816E6272632E73686761732E636F6D2E636E00000000000000000000000000000017D5DA000000000000009A580000FFFFFFFFFFFFFFFFB914
2020-12-24 10:06:44.076 [nioEventLoopGroup-2-1] INFO  com.simit.netty.ServerHandler - All commands pass, save results to successful table.
