2020-11-05 08:29:35.241 [main] INFO  com.simit.NBTestServerApplication - Starting NBTestServerApplication on DESKTOP-97M998T with PID 21476 (C:\Users\Haita\Desktop\WXZX\表厂线下\加密插件抽测\nb-test-server\target\classes started by Haita in C:\Users\Haita\Desktop\WXZX\表厂线下\加密插件抽测\nb-test-server)
2020-11-05 08:29:35.250 [main] INFO  com.simit.NBTestServerApplication - No active profile set, falling back to default profiles: default
2020-11-05 08:29:37.131 [main] INFO  com.simit.NBTestServerApplication - Started NBTestServerApplication in 2.894 seconds (JVM running for 6.554)
2020-11-05 08:29:37.278 [main] INFO  com.simit.netty.NettyServer - Server start listen at 8088
2020-11-05 08:32:05.689 [nioEventLoopGroup-2-1] INFO  com.simit.netty.encode.Decoder - count: 1
2020-11-05 08:32:05.689 [nioEventLoopGroup-2-1] INFO  com.simit.netty.encode.Decoder - received from client: 150303357777777720FFFFFF003D802454022C0100000024680000F5D313A21D7311EBA8AE5254005AD21FDEEA99B8DE117FC25FC7C100F76882593B5D80B2F9367630ADAFEF2A7F48F4C88A14
2020-11-05 08:32:07.237 [nioEventLoopGroup-2-1] INFO  com.simit.netty.util.Decryption - 解密后数据: 150303357777777720FFFFFF003D80781100008A14
2020-11-05 08:34:12.834 [nioEventLoopGroup-2-1] INFO  com.simit.netty.util.Decryption - 加密后数据: 150303357777777780003D807AE2C910F61F9AF36B5FFFC86E23EA5F8A14
2020-11-05 08:34:36.885 [nioEventLoopGroup-2-1] INFO  com.simit.netty.encode.Encoder - send to client: 1503033577777777800011807AE2C910F61F9AF36B5FFFC86E23EA5F7F14
2020-11-05 08:34:36.919 [nioEventLoopGroup-2-1] INFO  com.zaxxer.hikari.HikariDataSource - HikariPool-1 - Starting...
2020-11-05 08:35:19.972 [main] INFO  com.simit.NBTestServerApplication - Starting NBTestServerApplication on DESKTOP-97M998T with PID 15120 (C:\Users\Haita\Desktop\WXZX\表厂线下\加密插件抽测\nb-test-server\target\classes started by Haita in C:\Users\Haita\Desktop\WXZX\表厂线下\加密插件抽测\nb-test-server)
2020-11-05 08:35:19.979 [main] INFO  com.simit.NBTestServerApplication - No active profile set, falling back to default profiles: default
2020-11-05 08:35:21.931 [main] INFO  com.simit.NBTestServerApplication - Started NBTestServerApplication in 2.835 seconds (JVM running for 5.531)
2020-11-05 08:35:22.021 [main] INFO  com.simit.netty.NettyServer - Server start listen at 8088
2020-11-05 08:36:21.383 [nioEventLoopGroup-2-1] INFO  com.simit.netty.encode.Decoder - count: 1
2020-11-05 08:36:21.384 [nioEventLoopGroup-2-1] INFO  com.simit.netty.encode.Decoder - received from client: 150303357777777720FFFFFF003D802454022C0100000024680000F5D313A21D7311EBA8AE5254005AD21F732FF811DEEB1F8565C82C41F3EF944ECA34963DBABF4846B058F5CC1C9303308214
2020-11-05 08:36:22.846 [nioEventLoopGroup-2-1] INFO  com.simit.netty.util.Decryption - 解密后数据: 150303357777777720FFFFFF003D80264300008214
2020-11-05 08:36:23.250 [nioEventLoopGroup-2-1] INFO  com.simit.netty.util.Decryption - 加密后数据: 150303357777777780003D804F6AB3A819E272DE248F02138F32D9F28214
2020-11-05 08:36:23.251 [nioEventLoopGroup-2-1] INFO  com.simit.netty.encode.Encoder - send to client: 1503033577777777800011804F6AB3A819E272DE248F02138F32D9F2F014
2020-11-05 08:36:23.297 [nioEventLoopGroup-2-1] INFO  com.zaxxer.hikari.HikariDataSource - HikariPool-1 - Starting...
2020-11-05 08:36:23.965 [nioEventLoopGroup-2-1] INFO  com.zaxxer.hikari.HikariDataSource - HikariPool-1 - Start completed.
2020-11-05 08:38:36.447 [main] INFO  com.simit.NBTestServerApplication - Starting NBTestServerApplication on DESKTOP-97M998T with PID 19484 (C:\Users\Haita\Desktop\WXZX\表厂线下\加密插件抽测\nb-test-server\target\classes started by Haita in C:\Users\Haita\Desktop\WXZX\表厂线下\加密插件抽测\nb-test-server)
2020-11-05 08:38:36.458 [main] INFO  com.simit.NBTestServerApplication - No active profile set, falling back to default profiles: default
2020-11-05 08:38:38.077 [main] INFO  com.simit.NBTestServerApplication - Started NBTestServerApplication in 2.383 seconds (JVM running for 4.819)
2020-11-05 08:38:38.189 [main] INFO  com.simit.netty.NettyServer - Server start listen at 8088
2020-11-05 08:43:22.579 [main] INFO  com.simit.NBTestServerApplication - Starting NBTestServerApplication on DESKTOP-97M998T with PID 16648 (C:\Users\Haita\Desktop\WXZX\表厂线下\加密插件抽测\nb-test-server\target\classes started by Haita in C:\Users\Haita\Desktop\WXZX\表厂线下\加密插件抽测\nb-test-server)
2020-11-05 08:43:22.588 [main] INFO  com.simit.NBTestServerApplication - No active profile set, falling back to default profiles: default
2020-11-05 08:43:24.376 [main] INFO  com.simit.NBTestServerApplication - Started NBTestServerApplication in 2.536 seconds (JVM running for 5.044)
2020-11-05 08:43:24.470 [main] INFO  com.simit.netty.NettyServer - Server start listen at 8088
2020-11-05 08:44:33.570 [nioEventLoopGroup-2-1] INFO  com.simit.netty.encode.Decoder - count: 1
2020-11-05 08:44:33.570 [nioEventLoopGroup-2-1] INFO  com.simit.netty.encode.Decoder - received from client: 150303357777777720FFFFFF003D802454022C0100000024680000F5D313A21D7311EBA8AE5254005AD21F7B6B03EF49C2DCA2EC9A8FA883D64A1012E5BF203D917FAC4A43643BCFADB277FA14
2020-11-05 08:44:34.935 [nioEventLoopGroup-2-1] INFO  com.simit.netty.util.Decryption - 解密后数据: 150303357777777720FFFFFF003D80D9710000FA14
2020-11-05 08:44:35.324 [nioEventLoopGroup-2-1] INFO  com.simit.netty.util.Decryption - 加密后数据: 150303357777777780003D803EE4228DE25143E6DB5A59AA3234662CFA14
2020-11-05 08:44:35.326 [nioEventLoopGroup-2-1] INFO  com.simit.netty.encode.Encoder - send to client: 1503033577777777800011803EE4228DE25143E6DB5A59AA3234662C9A14
2020-11-05 08:44:35.360 [nioEventLoopGroup-2-1] INFO  com.zaxxer.hikari.HikariDataSource - HikariPool-1 - Starting...
2020-11-05 08:44:36.035 [nioEventLoopGroup-2-1] INFO  com.zaxxer.hikari.HikariDataSource - HikariPool-1 - Start completed.
2020-11-05 08:44:36.126 [nioEventLoopGroup-2-1] INFO  com.simit.netty.ServerHandler - 收到不在升级加密插件流程中的燃气表上报数据
2020-11-05 08:50:49.749 [nioEventLoopGroup-2-1] INFO  com.simit.netty.encode.Decoder - count: 2
2020-11-05 08:50:49.750 [nioEventLoopGroup-2-1] INFO  com.simit.netty.encode.Decoder - received from client: 150303357777777700FFFFFF000580DD4E0000D914
2020-11-05 08:50:49.754 [nioEventLoopGroup-2-1] INFO  com.simit.netty.encode.Encoder - send to client: 150303357777777780000580DD4E00005C14
2020-11-05 08:50:49.823 [nioEventLoopGroup-2-1] INFO  com.simit.netty.ServerHandler - 收到不在升级加密插件流程中的燃气表上报数据
2020-11-05 08:58:17.290 [main] INFO  com.simit.NBTestServerApplication - Starting NBTestServerApplication on DESKTOP-97M998T with PID 21816 (C:\Users\Haita\Desktop\WXZX\表厂线下\加密插件抽测\nb-test-server\target\classes started by Haita in C:\Users\Haita\Desktop\WXZX\表厂线下\加密插件抽测\nb-test-server)
2020-11-05 08:58:17.297 [main] INFO  com.simit.NBTestServerApplication - No active profile set, falling back to default profiles: default
2020-11-05 08:58:19.034 [main] INFO  com.simit.NBTestServerApplication - Started NBTestServerApplication in 2.654 seconds (JVM running for 5.264)
2020-11-05 08:58:19.147 [main] INFO  com.simit.netty.NettyServer - Server start listen at 8088
2020-11-05 08:59:16.017 [nioEventLoopGroup-2-1] INFO  com.simit.netty.encode.Decoder - count: 1
2020-11-05 08:59:16.018 [nioEventLoopGroup-2-1] INFO  com.simit.netty.encode.Decoder - received from client: 150303357777777700FFFFFF00058011250000E414
2020-11-05 08:59:16.025 [nioEventLoopGroup-2-1] INFO  com.simit.netty.encode.Encoder - send to client: 150303357777777780FFFFFF000580112500006414
2020-11-05 08:59:16.049 [nioEventLoopGroup-2-1] INFO  com.zaxxer.hikari.HikariDataSource - HikariPool-1 - Starting...
2020-11-05 08:59:17.537 [nioEventLoopGroup-2-1] INFO  com.zaxxer.hikari.HikariDataSource - HikariPool-1 - Start completed.
2020-11-05 08:59:17.618 [nioEventLoopGroup-2-1] INFO  com.simit.netty.ServerHandler - 收到不在升级加密插件流程中的燃气表上报数据
2020-11-05 09:00:47.675 [nioEventLoopGroup-2-1] INFO  com.simit.netty.encode.Decoder - count: 2
2020-11-05 09:00:47.676 [nioEventLoopGroup-2-1] INFO  com.simit.netty.encode.Decoder - received from client: 150303357777777700FFFFFF003D5108656020403575732305012011FFFFFFFFFFFFF6400000FFFFFF09050900022103205A480000002000000020000000000000FFFFFFFF0000FFFFFFFFBF14
2020-11-05 09:00:47.680 [nioEventLoopGroup-2-1] INFO  com.simit.netty.encode.Encoder - send to client: 150303357777777780FFFFFF00058FF64000007314
2020-11-05 09:00:47.749 [nioEventLoopGroup-2-1] INFO  com.simit.netty.ServerHandler - 进入升级加密插件流程，测试执行中...
2020-11-05 09:00:47.754 [nioEventLoopGroup-2-1] INFO  com.simit.netty.encode.Encoder - send to client: 150303357777777700FFFFFF000582F6400000E614
2020-11-05 09:00:47.977 [nioEventLoopGroup-2-1] INFO  com.simit.netty.encode.Decoder - count: 3
2020-11-05 09:00:47.977 [nioEventLoopGroup-2-1] INFO  com.simit.netty.encode.Decoder - received from client: 150303357777777780FFFFFF000582F64000006614
2020-11-05 09:00:48.038 [nioEventLoopGroup-2-1] INFO  com.simit.netty.encode.Encoder - send to client: 150303357777777700FFFFFF00135F2011050900480001FFFFFF091048000AFFFF8914
2020-11-05 09:10:54.000 [nioEventLoopGroup-2-1] INFO  com.simit.netty.encode.Decoder - count: 4
2020-11-05 09:10:54.001 [nioEventLoopGroup-2-1] INFO  com.simit.netty.encode.Decoder - received from client: 150303357777777720FFFFFF006D512454022C010000002468000059079F991F0211EBA8AE5254005AD21FC74122B2DC35B18A82ADA844C0B79FB6B646A95A5E9EC6A5B5579DF6AA0A4D8EC0BE049CD42CA8C232864AB061C4FC371D26F6210410129F185593951C353B36570FFF4A561F52A951D72612F4403AECBA14
2020-11-05 09:10:54.546 [nioEventLoopGroup-2-1] INFO  com.simit.netty.util.Decryption - 解密后数据: 150303357777777720FFFFFF006D5108656020403575732305012011FFFFFFFFFFFF66470000FFFFFF0A050910022103205A480000002000000020000000000000FFFFFFFF0000FFFFFFFFBA14
2020-11-05 09:10:54.930 [nioEventLoopGroup-2-1] INFO  com.simit.netty.util.Decryption - 加密后数据: 1503033577777777A0FFFFFF006D8F22ABFD3F95F761B199EA10E06DF33938BA14
2020-11-05 09:10:54.931 [nioEventLoopGroup-2-1] INFO  com.simit.netty.encode.Encoder - send to client: 1503033577777777A0FFFFFF00118F22ABFD3F95F761B199EA10E06DF339385414
2020-11-05 09:10:55.138 [nioEventLoopGroup-2-1] INFO  com.simit.netty.encode.Encoder - send to client: 150303357777777700FFFFFF002F8134372E3130332E34352E313135000000000000000000000000000000000000001F9966470000FFFFFFFFFFFFFFFFBF14
2020-11-05 09:10:56.805 [nioEventLoopGroup-2-1] INFO  com.simit.netty.encode.Decoder - count: 5
2020-11-05 09:10:56.805 [nioEventLoopGroup-2-1] INFO  com.simit.netty.encode.Decoder - received from client: 1503033577777777A0FFFFFF006D812454022C010000002468000059079F991F0211EBA8AE5254005AD21FE46BCD641F31AD2DB9ED1C298D5390FBEF042FA216EC6C60A7894D41A28CE9A5F8FCC200B9BB30D7C098859695CD4019C64923E6B97C7BB6EDED6D7AEB269BDFFD64C8A87C8762289625FD4FD88B207F8214
2020-11-05 09:10:57.227 [nioEventLoopGroup-2-1] INFO  com.simit.netty.util.Decryption - 解密后数据: 1503033577777777A0FFFFFF006D8134372E3130332E34352E313135000000000000000000000000000000000000001F99DA0000000000000066470000FFFFFFFFFFFFFFFF8214
2020-11-05 09:10:57.295 [nioEventLoopGroup-2-1] INFO  com.simit.netty.ServerHandler - 该燃气表设备已经测试过升级加密插件，收到重复测试
2020-11-05 09:10:57.295 [nioEventLoopGroup-2-1] INFO  com.simit.netty.ServerHandler - 切换燃气正式服务器: 成功
2020-11-05 09:38:01.055 [main] INFO  com.simit.NBTestServerApplication - Starting NBTestServerApplication on DESKTOP-97M998T with PID 18548 (C:\Users\Haita\Desktop\WXZX\表厂线下\加密插件抽测\nb-test-server\target\classes started by Haita in C:\Users\Haita\Desktop\WXZX\表厂线下\加密插件抽测\nb-test-server)
2020-11-05 09:38:01.071 [main] INFO  com.simit.NBTestServerApplication - No active profile set, falling back to default profiles: default
2020-11-05 09:38:02.848 [main] INFO  com.simit.NBTestServerApplication - Started NBTestServerApplication in 2.737 seconds (JVM running for 5.613)
2020-11-05 09:38:02.968 [main] INFO  com.simit.netty.NettyServer - Server start listen at 8088
2020-11-05 09:38:59.981 [nioEventLoopGroup-2-1] INFO  com.simit.netty.encode.Decoder - count: 1
2020-11-05 09:38:59.981 [nioEventLoopGroup-2-1] INFO  com.simit.netty.encode.Decoder - received from client: 150303357777777700FFFFFF000580855900008C14
2020-11-05 09:38:59.988 [nioEventLoopGroup-2-1] INFO  com.simit.netty.encode.Encoder - send to client: 150303357777777780FFFFFF000580855900000C14
2020-11-05 09:39:00.024 [nioEventLoopGroup-2-1] INFO  com.zaxxer.hikari.HikariDataSource - HikariPool-1 - Starting...
2020-11-05 09:39:01.874 [nioEventLoopGroup-2-1] INFO  com.zaxxer.hikari.HikariDataSource - HikariPool-1 - Start completed.
2020-11-05 09:39:01.985 [nioEventLoopGroup-2-1] INFO  com.simit.netty.ServerHandler - 收到不在升级加密插件流程中的燃气表上报数据
2020-11-05 09:49:08.666 [nioEventLoopGroup-2-1] INFO  com.simit.netty.encode.Decoder - count: 2
2020-11-05 09:49:08.667 [nioEventLoopGroup-2-1] INFO  com.simit.netty.encode.Decoder - received from client: 150303357777777700FFFFFF003D5108656020403575732305012011FFFFFFFFFFFFA2690000FFFFFF0A050949022103205A480000002000000020000000000000FFFFFFFF0000FFFFFFFFDE14
2020-11-05 09:49:08.668 [nioEventLoopGroup-2-1] INFO  com.simit.netty.encode.Encoder - send to client: 150303357777777780FFFFFF00058FA26900004814
2020-11-05 09:49:08.747 [nioEventLoopGroup-2-1] INFO  com.simit.netty.ServerHandler - 进入升级加密插件流程，测试执行中...
2020-11-05 09:49:08.755 [nioEventLoopGroup-2-1] INFO  com.simit.netty.encode.Encoder - send to client: 150303357777777700FFFFFF000582A2690000BB14
2020-11-05 09:49:09.343 [nioEventLoopGroup-2-1] INFO  com.simit.netty.encode.Decoder - count: 3
2020-11-05 09:49:09.344 [nioEventLoopGroup-2-1] INFO  com.simit.netty.encode.Decoder - received from client: 150303357777777780FFFFFF000582A26900003B14
2020-11-05 09:49:09.445 [nioEventLoopGroup-2-1] INFO  com.simit.netty.encode.Encoder - send to client: 150303357777777700FFFFFF00135F2011050949090001FFFFFF095909000AFFFF9D14
2020-11-05 09:59:14.402 [nioEventLoopGroup-2-1] INFO  com.simit.netty.encode.Decoder - count: 4
2020-11-05 09:59:14.403 [nioEventLoopGroup-2-1] INFO  com.simit.netty.encode.Decoder - received from client: 150303357777777720FFFFFF006D512454022C01000000246800001A55B8451F0911EBA8AE5254005AD21F736622C343C36F44A72E93E65816402E3C83EDE27B0E0A7D4ADA6CB17F96CC18ADED7D763BB1A5738013A32CA378A223F7496A4C3B87FED4B973F2B154DC2D1C37DFB8DB8768C40CDE6558006963447EC014
2020-11-05 09:59:14.988 [nioEventLoopGroup-2-1] INFO  com.simit.netty.util.Decryption - 解密后数据: 150303357777777720FFFFFF006D5108656020403575732305012011FFFFFFFFFFFFC50A0000FFFFFF0B050959022103205A480000002000000020000000000000FFFFFFFF0000FFFFFFFFC014
2020-11-05 09:59:15.413 [nioEventLoopGroup-2-1] INFO  com.simit.netty.util.Decryption - 加密后数据: 1503033577777777A0FFFFFF006D8FCEC24BC0B68485CB314C27A1531ABA7AC014
2020-11-05 09:59:15.414 [nioEventLoopGroup-2-1] INFO  com.simit.netty.encode.Encoder - send to client: 1503033577777777A0FFFFFF00118FCEC24BC0B68485CB314C27A1531ABA7A7414
2020-11-05 09:59:15.644 [nioEventLoopGroup-2-1] INFO  com.simit.netty.encode.Encoder - send to client: 150303357777777700FFFFFF002F8134372E3130332E34352E313135000000000000000000000000000000000000001F99C50A0000FFFFFFFFFFFFFFFFE114
2020-11-05 09:59:17.902 [nioEventLoopGroup-2-1] INFO  com.simit.netty.encode.Decoder - count: 5
2020-11-05 09:59:17.902 [nioEventLoopGroup-2-1] INFO  com.simit.netty.encode.Decoder - received from client: 1503033577777777A0FFFFFF006D812454022C01000000246800001A55B8451F0911EBA8AE5254005AD21F57F6389427B71DE23A652D529BFC67F0F78DD4F999E9BC47DB9DC5F03F71A271596134F7FFE0C9D95CAF36075249F1CD8285724279F1824EEA5AABDA73826E62A6EBB77E21A428E68F4586B707C23AC88814
2020-11-05 09:59:18.331 [nioEventLoopGroup-2-1] INFO  com.simit.netty.util.Decryption - 解密后数据: 1503033577777777A0FFFFFF006D8134372E3130332E34352E313135000000000000000000000000000000000000001F99DA00000000000000C50A0000FFFFFFFFFFFFFFFF8814
2020-11-05 09:59:18.407 [nioEventLoopGroup-2-1] INFO  com.simit.netty.ServerHandler - 该燃气表设备已经测试过升级加密插件，收到重复测试
2020-11-05 09:59:18.408 [nioEventLoopGroup-2-1] INFO  com.simit.netty.ServerHandler - 切换燃气正式服务器: 成功
2020-11-05 14:19:10.672 [main] INFO  com.simit.NBTestServerApplication - Starting NBTestServerApplication on DESKTOP-97M998T with PID 19228 (C:\Users\Haita\Desktop\WXZX\表厂线下\加密插件抽测\nb-test-server\target\classes started by Haita in C:\Users\Haita\Desktop\WXZX\表厂线下\加密插件抽测\nb-test-server)
2020-11-05 14:19:10.680 [main] INFO  com.simit.NBTestServerApplication - No active profile set, falling back to default profiles: default
2020-11-05 14:19:12.744 [main] INFO  com.simit.NBTestServerApplication - Started NBTestServerApplication in 3.013 seconds (JVM running for 6.001)
2020-11-05 14:19:12.899 [main] INFO  com.simit.netty.NettyServer - Server start listen at 8088
2020-11-05 14:20:58.708 [nioEventLoopGroup-2-1] INFO  com.simit.netty.encode.Decoder - count: 1
2020-11-05 14:20:58.709 [nioEventLoopGroup-2-1] INFO  com.simit.netty.encode.Decoder - received from client: 150303357777777700FFFFFF000580D6650000E914
2020-11-05 14:20:58.716 [nioEventLoopGroup-2-1] INFO  com.simit.netty.encode.Encoder - send to client: 150303357777777780FFFFFF000580D66500006914
2020-11-05 14:20:58.739 [nioEventLoopGroup-2-1] INFO  com.zaxxer.hikari.HikariDataSource - HikariPool-1 - Starting...
2020-11-05 14:21:00.280 [nioEventLoopGroup-2-1] INFO  com.zaxxer.hikari.HikariDataSource - HikariPool-1 - Start completed.
2020-11-05 14:26:12.673 [nioEventLoopGroup-2-1] INFO  com.simit.netty.encode.Decoder - count: 2
2020-11-05 14:26:12.674 [nioEventLoopGroup-2-1] INFO  com.simit.netty.encode.Decoder - received from client: 150303357777777700FFFFFF003D5108656020403575732305012011FFFFFFFFFFFFA55E0000FFFFFF08051426022103205A480000002000000020000000000000FFFFFFFF0000FFFFFFFFBC14
2020-11-05 14:26:12.678 [nioEventLoopGroup-2-1] INFO  com.simit.netty.encode.Encoder - send to client: 150303357777777780FFFFFF00058FA55E00004014
2020-11-05 14:26:12.768 [nioEventLoopGroup-2-1] INFO  com.simit.netty.ServerHandler - 该燃气表设备已经测试过升级加密插件，收到重复测试
2020-11-05 14:26:12.770 [nioEventLoopGroup-2-1] INFO  com.simit.netty.encode.Encoder - send to client: 150303357777777700FFFFFF002F8134372E3130332E34352E313135000000000000000000000000000000000000001F99A55E0000FFFFFFFFFFFFFFFF1514
2020-11-05 14:26:12.771 [nioEventLoopGroup-2-1] INFO  com.simit.netty.ServerHandler - 已发送切换正式服务器命令
2020-11-05 14:26:13.925 [nioEventLoopGroup-2-1] INFO  com.simit.netty.encode.Decoder - count: 3
2020-11-05 14:26:13.925 [nioEventLoopGroup-2-1] INFO  com.simit.netty.encode.Decoder - received from client: 150303357777777780FFFFFF00378134372E3130332E34352E313135000000000000000000000000000000000000001F99DA020202DA040404A55E0000FFFFFFFFFFFFFFFF6314
2020-11-05 14:26:14.000 [nioEventLoopGroup-2-1] INFO  com.simit.netty.ServerHandler - 该燃气表设备已经测试过升级加密插件，收到重复测试
2020-11-05 14:26:14.001 [nioEventLoopGroup-2-1] INFO  com.simit.netty.ServerHandler - 切换燃气正式服务器: 成功
2020-11-05 14:29:12.287 [nioEventLoopGroup-2-1] INFO  com.simit.netty.encode.Decoder - count: 4
2020-11-05 14:29:12.287 [nioEventLoopGroup-2-1] INFO  com.simit.netty.encode.Decoder - received from client: 150303357777777700FFFFFF000580FF340000E114
2020-11-05 14:29:12.288 [nioEventLoopGroup-2-1] INFO  com.simit.netty.encode.Encoder - send to client: 150303357777777780FFFFFF000580FF3400006114
2020-11-05 14:29:12.358 [nioEventLoopGroup-2-1] INFO  com.simit.netty.ServerHandler - 收到不在升级加密插件流程中的燃气表上报数据
2020-11-05 14:30:53.623 [nioEventLoopGroup-2-1] INFO  com.simit.netty.encode.Decoder - count: 5
2020-11-05 14:30:53.623 [nioEventLoopGroup-2-1] INFO  com.simit.netty.encode.Decoder - received from client: 150303357777777700FFFFFF003D5108656020403575732305012011FFFFFFFFFFFFB32D0000FFFFFF08051430022103205A480000002000000020000000000000FFFFFFFF0000FFFFFFFFA314
2020-11-05 14:30:53.624 [nioEventLoopGroup-2-1] INFO  com.simit.netty.encode.Encoder - send to client: 150303357777777780FFFFFF00058FB32D00001D14
2020-11-05 14:30:53.700 [nioEventLoopGroup-2-1] INFO  com.simit.netty.ServerHandler - 进入升级加密插件流程，测试执行中...
2020-11-05 14:30:53.700 [nioEventLoopGroup-2-1] INFO  com.simit.netty.encode.Encoder - send to client: 150303357777777700FFFFFF000582B32D00009014
2020-11-05 14:30:53.903 [nioEventLoopGroup-2-1] INFO  com.simit.netty.encode.Decoder - count: 6
2020-11-05 14:30:53.903 [nioEventLoopGroup-2-1] INFO  com.simit.netty.encode.Decoder - received from client: 150303357777777780FFFFFF000582B32D00001014
2020-11-05 14:30:53.960 [nioEventLoopGroup-2-1] INFO  com.simit.netty.encode.Encoder - send to client: 150303357777777700FFFFFF00135F2011051430530000FFFFFF144053000AFFFF1414
2020-11-05 14:33:27.212 [nioEventLoopGroup-2-1] INFO  com.simit.netty.encode.Decoder - count: 7
2020-11-05 14:33:27.213 [nioEventLoopGroup-2-1] INFO  com.simit.netty.encode.Decoder - received from client: 150303357777777700FFFFFF003D5108656020403575732305012011FFFFFFFFFFFFAC5E0000FFFFFF08051433022103205A480000002000000020000000000000FFFFFFFF0000FFFFFFFFD014
2020-11-05 14:33:27.214 [nioEventLoopGroup-2-1] INFO  com.simit.netty.encode.Encoder - send to client: 150303357777777780FFFFFF00058FAC5E00004714
2020-11-05 14:33:27.406 [nioEventLoopGroup-2-1] INFO  com.simit.netty.encode.Encoder - send to client: 150303357777777700FFFFFF002F8134372E3130332E34352E313135000000000000000000000000000000000000001F99AC5E0000FFFFFFFFFFFFFFFF1C14
2020-11-05 14:33:28.475 [nioEventLoopGroup-2-1] INFO  com.simit.netty.encode.Decoder - count: 8
2020-11-05 14:33:28.476 [nioEventLoopGroup-2-1] INFO  com.simit.netty.encode.Decoder - received from client: 150303357777777780FFFFFF00378134372E3130332E34352E313135000000000000000000000000000000000000001F99DA020202DA040404AC5E0000FFFFFFFFFFFFFFFF6A14
2020-11-05 14:33:28.547 [nioEventLoopGroup-2-1] INFO  com.simit.netty.ServerHandler - 该燃气表设备已经测试过升级加密插件，收到重复测试
2020-11-05 14:33:28.547 [nioEventLoopGroup-2-1] INFO  com.simit.netty.ServerHandler - 切换燃气正式服务器: 成功
